{"/home/artem/PhpstormProjects/backend-project-lvl3/index.js": {"path":"/home/artem/PhpstormProjects/backend-project-lvl3/index.js","all":false,"statementMap":{"0":{"start":{"line":1,"column":0},"end":{"line":1,"column":40}},"1":{"start":{"line":2,"column":0},"end":{"line":2,"column":0}},"2":{"start":{"line":3,"column":0},"end":{"line":3,"column":26}}},"s":{"0":1,"1":1,"2":1},"branchMap":{},"b":{},"fnMap":{},"f":{}}
,"/home/artem/PhpstormProjects/backend-project-lvl3/src/index.js": {"path":"/home/artem/PhpstormProjects/backend-project-lvl3/src/index.js","all":false,"statementMap":{"0":{"start":{"line":1,"column":0},"end":{"line":1,"column":26}},"1":{"start":{"line":2,"column":0},"end":{"line":2,"column":34}},"2":{"start":{"line":3,"column":0},"end":{"line":3,"column":0}},"3":{"start":{"line":4,"column":0},"end":{"line":4,"column":31}},"4":{"start":{"line":5,"column":0},"end":{"line":5,"column":23}},"5":{"start":{"line":6,"column":0},"end":{"line":6,"column":42}},"6":{"start":{"line":7,"column":0},"end":{"line":7,"column":21}},"7":{"start":{"line":8,"column":0},"end":{"line":8,"column":32}},"8":{"start":{"line":9,"column":0},"end":{"line":9,"column":2}}},"s":{"0":1,"1":1,"2":1,"3":1,"4":1,"5":1,"6":1,"7":1,"8":1},"branchMap":{"0":{"type":"branch","line":1,"loc":{"start":{"line":1,"column":0},"end":{"line":6,"column":12}},"locations":[{"start":{"line":1,"column":0},"end":{"line":6,"column":12}}]},"1":{"type":"branch","line":1,"loc":{"start":{"line":1,"column":0},"end":{"line":6,"column":10}},"locations":[{"start":{"line":1,"column":0},"end":{"line":6,"column":10}}]},"2":{"type":"branch","line":2,"loc":{"start":{"line":2,"column":11},"end":{"line":4,"column":8}},"locations":[{"start":{"line":2,"column":11},"end":{"line":4,"column":8}}]},"3":{"type":"branch","line":4,"loc":{"start":{"line":4,"column":18},"end":{"line":4,"column":30}},"locations":[{"start":{"line":4,"column":18},"end":{"line":4,"column":30}}]}},"b":{"0":[1],"1":[1],"2":[1],"3":[1]},"fnMap":{"0":{"name":"default","decl":{"start":{"line":1,"column":0},"end":{"line":6,"column":10}},"loc":{"start":{"line":1,"column":0},"end":{"line":6,"column":10}},"line":1}},"f":{"0":1}}
,"/home/artem/PhpstormProjects/backend-project-lvl3/src/write-file.js": {"path":"/home/artem/PhpstormProjects/backend-project-lvl3/src/write-file.js","all":false,"statementMap":{"0":{"start":{"line":1,"column":0},"end":{"line":1,"column":40}},"1":{"start":{"line":2,"column":0},"end":{"line":2,"column":24}},"2":{"start":{"line":3,"column":0},"end":{"line":3,"column":0}},"3":{"start":{"line":4,"column":0},"end":{"line":4,"column":37}},"4":{"start":{"line":5,"column":0},"end":{"line":5,"column":19}},"5":{"start":{"line":6,"column":0},"end":{"line":6,"column":17}},"6":{"start":{"line":7,"column":0},"end":{"line":7,"column":28}},"7":{"start":{"line":8,"column":0},"end":{"line":8,"column":38}},"8":{"start":{"line":9,"column":0},"end":{"line":9,"column":53}},"9":{"start":{"line":10,"column":0},"end":{"line":10,"column":27}},"10":{"start":{"line":11,"column":0},"end":{"line":11,"column":32}},"11":{"start":{"line":12,"column":0},"end":{"line":12,"column":2}}},"s":{"0":1,"1":1,"2":1,"3":1,"4":1,"5":1,"6":1,"7":1,"8":1,"9":1,"10":1,"11":1},"branchMap":{"0":{"type":"branch","line":1,"loc":{"start":{"line":1,"column":0},"end":{"line":9,"column":29}},"locations":[{"start":{"line":1,"column":0},"end":{"line":9,"column":29}}]},"1":{"type":"branch","line":1,"loc":{"start":{"line":1,"column":0},"end":{"line":9,"column":27}},"locations":[{"start":{"line":1,"column":0},"end":{"line":9,"column":27}}]},"2":{"type":"branch","line":8,"loc":{"start":{"line":8,"column":12},"end":{"line":8,"column":30}},"locations":[{"start":{"line":8,"column":12},"end":{"line":8,"column":30}}]}},"b":{"0":[1],"1":[1],"2":[1]},"fnMap":{"0":{"name":"default","decl":{"start":{"line":1,"column":0},"end":{"line":9,"column":27}},"loc":{"start":{"line":1,"column":0},"end":{"line":9,"column":27}},"line":1}},"f":{"0":1}}
}
